<?xml version="1.0" encoding="UTF-8"?>
<!-- Generated by org.testng.reporters.JUnitReportReporter -->
<testsuite hostname="DESKTOP-3ATBMV1" failures="0" tests="1" name="Git.MouserHover" time="3.934" errors="0" timestamp="2023-07-19T13:37:21 IST" skipped="0">
  <testcase classname="Git.MouserHover" name="mouseHover" time="3.934"/>
</testsuite> <!-- Git.MouserHover -->
